# JRE version: Java(TM) SE Runtime Environment (17.0.9+11) (build 17.0.9+11-LTS-201)
# Java VM: Java HotSpot(TM) 64-Bit Server VM (17.0.9+11-LTS-201, mixed mode, sharing, tiered, compressed oops, compressed class ptrs, g1 gc, windows-amd64)
GC Precious Log:
 CPUs: 8 total, 8 available
 Memory: 7985M
 Large Page Support: Disabled
 NUMA Support: Disabled
 Compressed Oops: Enabled (32-bit)
 Heap Region Size: 1M
 Heap Min Capacity: 8M
 Heap Initial Capacity: 126M
 Heap Max Capacity: 2G
 Pre-touch: Disabled
 Parallel Workers: 8
 Concurrent Workers: 2
 Concurrent Refinement Workers: 8
 Periodic GC: Disabled
Heap:
 garbage-first heap   total 376832K, used 275835K [0x0000000080000000, 0x0000000100000000)
  region size 1024K, 63 young (64512K), 12 survivors (12288K)
 Metaspace       used 110477K, committed 111616K, reserved 557056K
  class space    used 15223K, committed 15744K, reserved 425984K
GC Heap History (20 events):
Event: 38.838 GC heap before
{Heap before GC invocations=60 (full 0):
 garbage-first heap   total 229376K, used 184867K [0x0000000080000000, 0x0000000100000000)
  region size 1024K, 51 young (52224K), 2 survivors (2048K)
 Metaspace       used 96683K, committed 97600K, reserved 557056K
  class space    used 13590K, committed 14016K, reserved 425984K
}
Event: 38.843 GC heap after
{Heap after GC invocations=61 (full 0):
 garbage-first heap   total 229376K, used 142936K [0x0000000080000000, 0x0000000100000000)
  region size 1024K, 7 young (7168K), 7 survivors (7168K)
 Metaspace       used 96683K, committed 97600K, reserved 557056K
  class space    used 13590K, committed 14016K, reserved 425984K
}
Event: 39.893 GC heap before
{Heap before GC invocations=62 (full 0):
 garbage-first heap   total 252928K, used 185944K [0x0000000080000000, 0x0000000100000000)
  region size 1024K, 49 young (50176K), 7 survivors (7168K)
 Metaspace       used 96832K, committed 97728K, reserved 557056K
  class space    used 13604K, committed 14016K, reserved 425984K
}
Event: 39.901 GC heap after
{Heap after GC invocations=63 (full 0):
 garbage-first heap   total 252928K, used 150857K [0x0000000080000000, 0x0000000100000000)
  region size 1024K, 7 young (7168K), 7 survivors (7168K)
 Metaspace       used 96832K, committed 97728K, reserved 557056K
  class space    used 13604K, committed 14016K, reserved 425984K
}
Event: 40.065 GC heap before
{Heap before GC invocations=63 (full 0):
 garbage-first heap   total 252928K, used 157001K [0x0000000080000000, 0x0000000100000000)
  region size 1024K, 12 young (12288K), 7 survivors (7168K)
 Metaspace       used 96927K, committed 97920K, reserved 557056K
  class space    used 13618K, committed 14080K, reserved 425984K
}
Event: 40.071 GC heap after
{Heap after GC invocations=64 (full 0):
 garbage-first heap   total 252928K, used 152501K [0x0000000080000000, 0x0000000100000000)
  region size 1024K, 2 young (2048K), 2 survivors (2048K)
 Metaspace       used 96927K, committed 97920K, reserved 557056K
  class space    used 13618K, committed 14080K, reserved 425984K
}
Event: 42.062 GC heap before
{Heap before GC invocations=64 (full 0):
 garbage-first heap   total 252928K, used 204725K [0x0000000080000000, 0x0000000100000000)
  region size 1024K, 53 young (54272K), 2 survivors (2048K)
 Metaspace       used 97428K, committed 98496K, reserved 557056K
  class space    used 13665K, committed 14144K, reserved 425984K
}
Event: 42.069 GC heap after
{Heap after GC invocations=65 (full 0):
 garbage-first heap   total 376832K, used 162664K [0x0000000080000000, 0x0000000100000000)
  region size 1024K, 7 young (7168K), 7 survivors (7168K)
 Metaspace       used 97428K, committed 98496K, reserved 557056K
  class space    used 13665K, committed 14144K, reserved 425984K
}
Event: 46.498 GC heap before
{Heap before GC invocations=65 (full 0):
 garbage-first heap   total 376832K, used 283496K [0x0000000080000000, 0x0000000100000000)
  region size 1024K, 123 young (125952K), 7 survivors (7168K)
 Metaspace       used 103181K, committed 104256K, reserved 557056K
  class space    used 14427K, committed 14912K, reserved 425984K
}
Event: 46.512 GC heap after
{Heap after GC invocations=66 (full 0):
 garbage-first heap   total 376832K, used 179720K [0x0000000080000000, 0x0000000100000000)
  region size 1024K, 16 young (16384K), 16 survivors (16384K)
 Metaspace       used 103181K, committed 104256K, reserved 557056K
  class space    used 14427K, committed 14912K, reserved 425984K
}
Event: 49.514 GC heap before
{Heap before GC invocations=66 (full 0):
 garbage-first heap   total 376832K, used 292360K [0x0000000080000000, 0x0000000100000000)
  region size 1024K, 122 young (124928K), 16 survivors (16384K)
 Metaspace       used 106032K, committed 107200K, reserved 557056K
  class space    used 14688K, committed 15232K, reserved 425984K
}
Event: 49.537 GC heap after
{Heap after GC invocations=67 (full 0):
 garbage-first heap   total 376832K, used 191169K [0x0000000080000000, 0x0000000100000000)
  region size 1024K, 11 young (11264K), 11 survivors (11264K)
 Metaspace       used 106032K, committed 107200K, reserved 557056K
  class space    used 14688K, committed 15232K, reserved 425984K
}
Event: 51.389 GC heap before
{Heap before GC invocations=67 (full 0):
 garbage-first heap   total 376832K, used 295617K [0x0000000080000000, 0x0000000100000000)
  region size 1024K, 114 young (116736K), 11 survivors (11264K)
 Metaspace       used 106703K, committed 107840K, reserved 557056K
  class space    used 14782K, committed 15296K, reserved 425984K
}
Event: 51.403 GC heap after
{Heap after GC invocations=68 (full 0):
 garbage-first heap   total 376832K, used 200447K [0x0000000080000000, 0x0000000100000000)
  region size 1024K, 9 young (9216K), 9 survivors (9216K)
 Metaspace       used 106703K, committed 107840K, reserved 557056K
  class space    used 14782K, committed 15296K, reserved 425984K
}
Event: 52.622 GC heap before
{Heap before GC invocations=68 (full 0):
 garbage-first heap   total 376832K, used 326399K [0x0000000080000000, 0x0000000100000000)
  region size 1024K, 109 young (111616K), 9 survivors (9216K)
 Metaspace       used 107013K, committed 108224K, reserved 557056K
  class space    used 14807K, committed 15360K, reserved 425984K
}
Event: 52.632 GC heap after
{Heap after GC invocations=69 (full 0):
 garbage-first heap   total 376832K, used 210079K [0x0000000080000000, 0x0000000100000000)
  region size 1024K, 10 young (10240K), 10 survivors (10240K)
 Metaspace       used 107013K, committed 108224K, reserved 557056K
  class space    used 14807K, committed 15360K, reserved 425984K
}
Event: 53.916 GC heap before
{Heap before GC invocations=69 (full 0):
 garbage-first heap   total 376832K, used 314527K [0x0000000080000000, 0x0000000100000000)
  region size 1024K, 105 young (107520K), 10 survivors (10240K)
 Metaspace       used 107315K, committed 108480K, reserved 557056K
  class space    used 14837K, committed 15360K, reserved 425984K
}
Event: 53.927 GC heap after
{Heap after GC invocations=70 (full 0):
 garbage-first heap   total 376832K, used 217294K [0x0000000080000000, 0x0000000100000000)
  region size 1024K, 7 young (7168K), 7 survivors (7168K)
 Metaspace       used 107315K, committed 108480K, reserved 557056K
  class space    used 14837K, committed 15360K, reserved 425984K
}
Event: 56.333 GC heap before
{Heap before GC invocations=70 (full 0):
 garbage-first heap   total 376832K, used 314574K [0x0000000080000000, 0x0000000100000000)
  region size 1024K, 99 young (101376K), 7 survivors (7168K)
 Metaspace       used 108526K, committed 109696K, reserved 557056K
  class space    used 14993K, committed 15488K, reserved 425984K
}
Event: 56.342 GC heap after
{Heap after GC invocations=71 (full 0):
 garbage-first heap   total 376832K, used 221563K [0x0000000080000000, 0x0000000100000000)
  region size 1024K, 12 young (12288K), 12 survivors (12288K)
 Metaspace       used 108526K, committed 109696K, reserved 557056K
  class space    used 14993K, committed 15488K, reserved 425984K
}

